Terminals unused in grammar

   ERROR


State 10 conflicts: 2 shift/reduce
State 16 conflicts: 2 shift/reduce
State 68 conflicts: 1 reduce/reduce


Grammar

    0 $accept: program $end

    1 program: class_list

    2 class_list: class
    3           | class_list class

    4 class: CLASS TYPEID '{' feature_list '}' ';'
    5      | CLASS TYPEID INHERITS TYPEID '{' feature_list '}' ';'
    6      | error

    7 feature_list: /* empty */
    8             | feature_single ';'
    9             | feature_list feature_single ';'

   10 feature_single: OBJECTID '(' formal_list ')' ':' TYPEID '{' expression_single '}'
   11               | OBJECTID ':' TYPEID
   12               | OBJECTID ':' TYPEID ASSIGN expression_single
   13               | error

   14 formal_list: /* empty */
   15            | formal_list2

   16 formal_list2: formal_single
   17             | formal_list2 ',' formal_single

   18 formal_single: OBJECTID ':' TYPEID
   19              | error

   20 expression_list: expression_single
   21                | expression_list ';' expression_single
   22                | error

   23 expr_comma_list: /* empty */
   24                | expression_single
   25                | expr_comma_list ',' expression_single

   26 expression_single: OBJECTID ASSIGN expression_single
   27                  | expression_single '.' OBJECTID '(' expr_comma_list ')'
   28                  | expression_single '@' TYPEID '.' OBJECTID '(' expr_comma_list ')'
   29                  | OBJECTID '(' expr_comma_list ')'
   30                  | IF expression_single THEN expression_single FI
   31                  | IF expression_single THEN expression_single ELSE expression_single FI
   32                  | WHILE expression_single LOOP expression_single POOL
   33                  | '{' expression_list ';' '}'
   34                  | LET let_list
   35                  | CASE expression_single OF case_list ';' ESAC
   36                  | NEW TYPEID
   37                  | ISVOID expression_single
   38                  | expression_single '+' expression_single
   39                  | expression_single '-' expression_single
   40                  | expression_single '*' expression_single
   41                  | expression_single '/' expression_single
   42                  | '~' expression_single
   43                  | expression_single '<' expression_single
   44                  | expression_single LE expression_single
   45                  | expression_single '=' expression_single
   46                  | NOT expression_single
   47                  | '(' expression_single ')'
   48                  | OBJECTID
   49                  | INT_CONST
   50                  | STR_CONST
   51                  | BOOL_CONST
   52                  | error

   53 let_list: OBJECTID ':' TYPEID IN expression_single
   54         | OBJECTID ':' TYPEID ASSIGN expression_single IN expression_single
   55         | OBJECTID ':' TYPEID ',' let_list
   56         | OBJECTID ':' TYPEID ASSIGN expression_single ',' let_list

   57 case_list: case_single
   58          | case_list ';' case_single

   59 case_single: OBJECTID ':' TYPEID DARROW expression_single


Terminals, with rules where they appear

$end (0) 0
'(' (40) 10 27 28 29 47
')' (41) 10 27 28 29 47
'*' (42) 40
'+' (43) 38
',' (44) 17 25 55 56
'-' (45) 39
'.' (46) 27 28
'/' (47) 41
':' (58) 10 11 12 18 53 54 55 56 59
';' (59) 4 5 8 9 21 33 35 58
'<' (60) 43
'=' (61) 45
'@' (64) 28
'{' (123) 4 5 10 33
'}' (125) 4 5 10 33
'~' (126) 42
error (256) 6 13 19 22 52
CLASS (258) 4 5
ELSE (259) 31
FI (260) 30 31
IF (261) 30 31
IN (262) 53 54
INHERITS (263) 5
LET (264) 34
LOOP (265) 32
POOL (266) 32
THEN (267) 30 31
WHILE (268) 32
CASE (269) 35
ESAC (270) 35
OF (271) 35
DARROW (272) 59
NEW (273) 36
ISVOID (274) 37
STR_CONST (275) 50
INT_CONST (276) 49
BOOL_CONST (277) 51
TYPEID (278) 4 5 10 11 12 18 28 36 53 54 55 56 59
OBJECTID (279) 10 11 12 18 26 27 28 29 48 53 54 55 56 59
ASSIGN (280) 12 26 54 56
NOT (281) 46
LE (282) 44
ERROR (283)


Nonterminals, with rules where they appear

$accept (45)
    on left: 0
program (46)
    on left: 1, on right: 0
class_list (47)
    on left: 2 3, on right: 1 3
class (48)
    on left: 4 5 6, on right: 2 3
feature_list (49)
    on left: 7 8 9, on right: 4 5 9
feature_single (50)
    on left: 10 11 12 13, on right: 8 9
formal_list (51)
    on left: 14 15, on right: 10
formal_list2 (52)
    on left: 16 17, on right: 15 17
formal_single (53)
    on left: 18 19, on right: 16 17
expression_list (54)
    on left: 20 21 22, on right: 21 33
expr_comma_list (55)
    on left: 23 24 25, on right: 25 27 28 29
expression_single (56)
    on left: 26 27 28 29 30 31 32 33 34 35 36 37 38 39 40 41 42 43
    44 45 46 47 48 49 50 51 52, on right: 10 12 20 21 24 25 26 27 28
    30 31 32 35 37 38 39 40 41 42 43 44 45 46 47 53 54 56 59
let_list (57)
    on left: 53 54 55 56, on right: 34 55 56
case_list (58)
    on left: 57 58, on right: 35 58
case_single (59)
    on left: 59, on right: 57 58


state 0

    0 $accept: . program $end

    error  shift, and go to state 1
    CLASS  shift, and go to state 2

    program     go to state 3
    class_list  go to state 4
    class       go to state 5


state 1

    6 class: error .

    $default  reduce using rule 6 (class)


state 2

    4 class: CLASS . TYPEID '{' feature_list '}' ';'
    5      | CLASS . TYPEID INHERITS TYPEID '{' feature_list '}' ';'

    TYPEID  shift, and go to state 6


state 3

    0 $accept: program . $end

    $end  shift, and go to state 7


state 4

    1 program: class_list .
    3 class_list: class_list . class

    error  shift, and go to state 1
    CLASS  shift, and go to state 2

    $end  reduce using rule 1 (program)

    class  go to state 8


state 5

    2 class_list: class .

    $default  reduce using rule 2 (class_list)


state 6

    4 class: CLASS TYPEID . '{' feature_list '}' ';'
    5      | CLASS TYPEID . INHERITS TYPEID '{' feature_list '}' ';'

    INHERITS  shift, and go to state 9
    '{'       shift, and go to state 10


state 7

    0 $accept: program $end .

    $default  accept


state 8

    3 class_list: class_list class .

    $default  reduce using rule 3 (class_list)


state 9

    5 class: CLASS TYPEID INHERITS . TYPEID '{' feature_list '}' ';'

    TYPEID  shift, and go to state 11


state 10

    4 class: CLASS TYPEID '{' . feature_list '}' ';'

    error     shift, and go to state 12
    OBJECTID  shift, and go to state 13

    error     [reduce using rule 7 (feature_list)]
    OBJECTID  [reduce using rule 7 (feature_list)]
    '}'       reduce using rule 7 (feature_list)

    feature_list    go to state 14
    feature_single  go to state 15


state 11

    5 class: CLASS TYPEID INHERITS TYPEID . '{' feature_list '}' ';'

    '{'  shift, and go to state 16


state 12

   13 feature_single: error .

    $default  reduce using rule 13 (feature_single)


state 13

   10 feature_single: OBJECTID . '(' formal_list ')' ':' TYPEID '{' expression_single '}'
   11               | OBJECTID . ':' TYPEID
   12               | OBJECTID . ':' TYPEID ASSIGN expression_single

    '('  shift, and go to state 17
    ':'  shift, and go to state 18


state 14

    4 class: CLASS TYPEID '{' feature_list . '}' ';'
    9 feature_list: feature_list . feature_single ';'

    error     shift, and go to state 12
    OBJECTID  shift, and go to state 13
    '}'       shift, and go to state 19

    feature_single  go to state 20


state 15

    8 feature_list: feature_single . ';'

    ';'  shift, and go to state 21


state 16

    5 class: CLASS TYPEID INHERITS TYPEID '{' . feature_list '}' ';'

    error     shift, and go to state 12
    OBJECTID  shift, and go to state 13

    error     [reduce using rule 7 (feature_list)]
    OBJECTID  [reduce using rule 7 (feature_list)]
    '}'       reduce using rule 7 (feature_list)

    feature_list    go to state 22
    feature_single  go to state 15


state 17

   10 feature_single: OBJECTID '(' . formal_list ')' ':' TYPEID '{' expression_single '}'

    error     shift, and go to state 23
    OBJECTID  shift, and go to state 24

    ')'  reduce using rule 14 (formal_list)

    formal_list    go to state 25
    formal_list2   go to state 26
    formal_single  go to state 27


state 18

   11 feature_single: OBJECTID ':' . TYPEID
   12               | OBJECTID ':' . TYPEID ASSIGN expression_single

    TYPEID  shift, and go to state 28


state 19

    4 class: CLASS TYPEID '{' feature_list '}' . ';'

    ';'  shift, and go to state 29


state 20

    9 feature_list: feature_list feature_single . ';'

    ';'  shift, and go to state 30


state 21

    8 feature_list: feature_single ';' .

    $default  reduce using rule 8 (feature_list)


state 22

    5 class: CLASS TYPEID INHERITS TYPEID '{' feature_list . '}' ';'
    9 feature_list: feature_list . feature_single ';'

    error     shift, and go to state 12
    OBJECTID  shift, and go to state 13
    '}'       shift, and go to state 31

    feature_single  go to state 20


state 23

   19 formal_single: error .

    $default  reduce using rule 19 (formal_single)


state 24

   18 formal_single: OBJECTID . ':' TYPEID

    ':'  shift, and go to state 32


state 25

   10 feature_single: OBJECTID '(' formal_list . ')' ':' TYPEID '{' expression_single '}'

    ')'  shift, and go to state 33


state 26

   15 formal_list: formal_list2 .
   17 formal_list2: formal_list2 . ',' formal_single

    ','  shift, and go to state 34

    $default  reduce using rule 15 (formal_list)


state 27

   16 formal_list2: formal_single .

    $default  reduce using rule 16 (formal_list2)


state 28

   11 feature_single: OBJECTID ':' TYPEID .
   12               | OBJECTID ':' TYPEID . ASSIGN expression_single

    ASSIGN  shift, and go to state 35

    $default  reduce using rule 11 (feature_single)


state 29

    4 class: CLASS TYPEID '{' feature_list '}' ';' .

    $default  reduce using rule 4 (class)


state 30

    9 feature_list: feature_list feature_single ';' .

    $default  reduce using rule 9 (feature_list)


state 31

    5 class: CLASS TYPEID INHERITS TYPEID '{' feature_list '}' . ';'

    ';'  shift, and go to state 36


state 32

   18 formal_single: OBJECTID ':' . TYPEID

    TYPEID  shift, and go to state 37


state 33

   10 feature_single: OBJECTID '(' formal_list ')' . ':' TYPEID '{' expression_single '}'

    ':'  shift, and go to state 38


state 34

   17 formal_list2: formal_list2 ',' . formal_single

    error     shift, and go to state 23
    OBJECTID  shift, and go to state 24

    formal_single  go to state 39


state 35

   12 feature_single: OBJECTID ':' TYPEID ASSIGN . expression_single

    error       shift, and go to state 40
    IF          shift, and go to state 41
    LET         shift, and go to state 42
    WHILE       shift, and go to state 43
    CASE        shift, and go to state 44
    NEW         shift, and go to state 45
    ISVOID      shift, and go to state 46
    STR_CONST   shift, and go to state 47
    INT_CONST   shift, and go to state 48
    BOOL_CONST  shift, and go to state 49
    OBJECTID    shift, and go to state 50
    NOT         shift, and go to state 51
    '~'         shift, and go to state 52
    '{'         shift, and go to state 53
    '('         shift, and go to state 54

    expression_single  go to state 55


state 36

    5 class: CLASS TYPEID INHERITS TYPEID '{' feature_list '}' ';' .

    $default  reduce using rule 5 (class)


state 37

   18 formal_single: OBJECTID ':' TYPEID .

    $default  reduce using rule 18 (formal_single)


state 38

   10 feature_single: OBJECTID '(' formal_list ')' ':' . TYPEID '{' expression_single '}'

    TYPEID  shift, and go to state 56


state 39

   17 formal_list2: formal_list2 ',' formal_single .

    $default  reduce using rule 17 (formal_list2)


state 40

   52 expression_single: error .

    $default  reduce using rule 52 (expression_single)


state 41

   30 expression_single: IF . expression_single THEN expression_single FI
   31                  | IF . expression_single THEN expression_single ELSE expression_single FI

    error       shift, and go to state 40
    IF          shift, and go to state 41
    LET         shift, and go to state 42
    WHILE       shift, and go to state 43
    CASE        shift, and go to state 44
    NEW         shift, and go to state 45
    ISVOID      shift, and go to state 46
    STR_CONST   shift, and go to state 47
    INT_CONST   shift, and go to state 48
    BOOL_CONST  shift, and go to state 49
    OBJECTID    shift, and go to state 50
    NOT         shift, and go to state 51
    '~'         shift, and go to state 52
    '{'         shift, and go to state 53
    '('         shift, and go to state 54

    expression_single  go to state 57


state 42

   34 expression_single: LET . let_list

    OBJECTID  shift, and go to state 58

    let_list  go to state 59


state 43

   32 expression_single: WHILE . expression_single LOOP expression_single POOL

    error       shift, and go to state 40
    IF          shift, and go to state 41
    LET         shift, and go to state 42
    WHILE       shift, and go to state 43
    CASE        shift, and go to state 44
    NEW         shift, and go to state 45
    ISVOID      shift, and go to state 46
    STR_CONST   shift, and go to state 47
    INT_CONST   shift, and go to state 48
    BOOL_CONST  shift, and go to state 49
    OBJECTID    shift, and go to state 50
    NOT         shift, and go to state 51
    '~'         shift, and go to state 52
    '{'         shift, and go to state 53
    '('         shift, and go to state 54

    expression_single  go to state 60


state 44

   35 expression_single: CASE . expression_single OF case_list ';' ESAC

    error       shift, and go to state 40
    IF          shift, and go to state 41
    LET         shift, and go to state 42
    WHILE       shift, and go to state 43
    CASE        shift, and go to state 44
    NEW         shift, and go to state 45
    ISVOID      shift, and go to state 46
    STR_CONST   shift, and go to state 47
    INT_CONST   shift, and go to state 48
    BOOL_CONST  shift, and go to state 49
    OBJECTID    shift, and go to state 50
    NOT         shift, and go to state 51
    '~'         shift, and go to state 52
    '{'         shift, and go to state 53
    '('         shift, and go to state 54

    expression_single  go to state 61


state 45

   36 expression_single: NEW . TYPEID

    TYPEID  shift, and go to state 62


state 46

   37 expression_single: ISVOID . expression_single

    error       shift, and go to state 40
    IF          shift, and go to state 41
    LET         shift, and go to state 42
    WHILE       shift, and go to state 43
    CASE        shift, and go to state 44
    NEW         shift, and go to state 45
    ISVOID      shift, and go to state 46
    STR_CONST   shift, and go to state 47
    INT_CONST   shift, and go to state 48
    BOOL_CONST  shift, and go to state 49
    OBJECTID    shift, and go to state 50
    NOT         shift, and go to state 51
    '~'         shift, and go to state 52
    '{'         shift, and go to state 53
    '('         shift, and go to state 54

    expression_single  go to state 63


state 47

   50 expression_single: STR_CONST .

    $default  reduce using rule 50 (expression_single)


state 48

   49 expression_single: INT_CONST .

    $default  reduce using rule 49 (expression_single)


state 49

   51 expression_single: BOOL_CONST .

    $default  reduce using rule 51 (expression_single)


state 50

   26 expression_single: OBJECTID . ASSIGN expression_single
   29                  | OBJECTID . '(' expr_comma_list ')'
   48                  | OBJECTID .

    ASSIGN  shift, and go to state 64
    '('     shift, and go to state 65

    $default  reduce using rule 48 (expression_single)


state 51

   46 expression_single: NOT . expression_single

    error       shift, and go to state 40
    IF          shift, and go to state 41
    LET         shift, and go to state 42
    WHILE       shift, and go to state 43
    CASE        shift, and go to state 44
    NEW         shift, and go to state 45
    ISVOID      shift, and go to state 46
    STR_CONST   shift, and go to state 47
    INT_CONST   shift, and go to state 48
    BOOL_CONST  shift, and go to state 49
    OBJECTID    shift, and go to state 50
    NOT         shift, and go to state 51
    '~'         shift, and go to state 52
    '{'         shift, and go to state 53
    '('         shift, and go to state 54

    expression_single  go to state 66


state 52

   42 expression_single: '~' . expression_single

    error       shift, and go to state 40
    IF          shift, and go to state 41
    LET         shift, and go to state 42
    WHILE       shift, and go to state 43
    CASE        shift, and go to state 44
    NEW         shift, and go to state 45
    ISVOID      shift, and go to state 46
    STR_CONST   shift, and go to state 47
    INT_CONST   shift, and go to state 48
    BOOL_CONST  shift, and go to state 49
    OBJECTID    shift, and go to state 50
    NOT         shift, and go to state 51
    '~'         shift, and go to state 52
    '{'         shift, and go to state 53
    '('         shift, and go to state 54

    expression_single  go to state 67


state 53

   33 expression_single: '{' . expression_list ';' '}'

    error       shift, and go to state 68
    IF          shift, and go to state 41
    LET         shift, and go to state 42
    WHILE       shift, and go to state 43
    CASE        shift, and go to state 44
    NEW         shift, and go to state 45
    ISVOID      shift, and go to state 46
    STR_CONST   shift, and go to state 47
    INT_CONST   shift, and go to state 48
    BOOL_CONST  shift, and go to state 49
    OBJECTID    shift, and go to state 50
    NOT         shift, and go to state 51
    '~'         shift, and go to state 52
    '{'         shift, and go to state 53
    '('         shift, and go to state 54

    expression_list    go to state 69
    expression_single  go to state 70


state 54

   47 expression_single: '(' . expression_single ')'

    error       shift, and go to state 40
    IF          shift, and go to state 41
    LET         shift, and go to state 42
    WHILE       shift, and go to state 43
    CASE        shift, and go to state 44
    NEW         shift, and go to state 45
    ISVOID      shift, and go to state 46
    STR_CONST   shift, and go to state 47
    INT_CONST   shift, and go to state 48
    BOOL_CONST  shift, and go to state 49
    OBJECTID    shift, and go to state 50
    NOT         shift, and go to state 51
    '~'         shift, and go to state 52
    '{'         shift, and go to state 53
    '('         shift, and go to state 54

    expression_single  go to state 71


state 55

   12 feature_single: OBJECTID ':' TYPEID ASSIGN expression_single .
   27 expression_single: expression_single . '.' OBJECTID '(' expr_comma_list ')'
   28                  | expression_single . '@' TYPEID '.' OBJECTID '(' expr_comma_list ')'
   38                  | expression_single . '+' expression_single
   39                  | expression_single . '-' expression_single
   40                  | expression_single . '*' expression_single
   41                  | expression_single . '/' expression_single
   43                  | expression_single . '<' expression_single
   44                  | expression_single . LE expression_single
   45                  | expression_single . '=' expression_single

    LE   shift, and go to state 72
    '<'  shift, and go to state 73
    '='  shift, and go to state 74
    '+'  shift, and go to state 75
    '-'  shift, and go to state 76
    '*'  shift, and go to state 77
    '/'  shift, and go to state 78
    '@'  shift, and go to state 79
    '.'  shift, and go to state 80

    $default  reduce using rule 12 (feature_single)


state 56

   10 feature_single: OBJECTID '(' formal_list ')' ':' TYPEID . '{' expression_single '}'

    '{'  shift, and go to state 81


state 57

   27 expression_single: expression_single . '.' OBJECTID '(' expr_comma_list ')'
   28                  | expression_single . '@' TYPEID '.' OBJECTID '(' expr_comma_list ')'
   30                  | IF expression_single . THEN expression_single FI
   31                  | IF expression_single . THEN expression_single ELSE expression_single FI
   38                  | expression_single . '+' expression_single
   39                  | expression_single . '-' expression_single
   40                  | expression_single . '*' expression_single
   41                  | expression_single . '/' expression_single
   43                  | expression_single . '<' expression_single
   44                  | expression_single . LE expression_single
   45                  | expression_single . '=' expression_single

    THEN  shift, and go to state 82
    LE    shift, and go to state 72
    '<'   shift, and go to state 73
    '='   shift, and go to state 74
    '+'   shift, and go to state 75
    '-'   shift, and go to state 76
    '*'   shift, and go to state 77
    '/'   shift, and go to state 78
    '@'   shift, and go to state 79
    '.'   shift, and go to state 80


state 58

   53 let_list: OBJECTID . ':' TYPEID IN expression_single
   54         | OBJECTID . ':' TYPEID ASSIGN expression_single IN expression_single
   55         | OBJECTID . ':' TYPEID ',' let_list
   56         | OBJECTID . ':' TYPEID ASSIGN expression_single ',' let_list

    ':'  shift, and go to state 83


state 59

   34 expression_single: LET let_list .

    $default  reduce using rule 34 (expression_single)


state 60

   27 expression_single: expression_single . '.' OBJECTID '(' expr_comma_list ')'
   28                  | expression_single . '@' TYPEID '.' OBJECTID '(' expr_comma_list ')'
   32                  | WHILE expression_single . LOOP expression_single POOL
   38                  | expression_single . '+' expression_single
   39                  | expression_single . '-' expression_single
   40                  | expression_single . '*' expression_single
   41                  | expression_single . '/' expression_single
   43                  | expression_single . '<' expression_single
   44                  | expression_single . LE expression_single
   45                  | expression_single . '=' expression_single

    LOOP  shift, and go to state 84
    LE    shift, and go to state 72
    '<'   shift, and go to state 73
    '='   shift, and go to state 74
    '+'   shift, and go to state 75
    '-'   shift, and go to state 76
    '*'   shift, and go to state 77
    '/'   shift, and go to state 78
    '@'   shift, and go to state 79
    '.'   shift, and go to state 80


state 61

   27 expression_single: expression_single . '.' OBJECTID '(' expr_comma_list ')'
   28                  | expression_single . '@' TYPEID '.' OBJECTID '(' expr_comma_list ')'
   35                  | CASE expression_single . OF case_list ';' ESAC
   38                  | expression_single . '+' expression_single
   39                  | expression_single . '-' expression_single
   40                  | expression_single . '*' expression_single
   41                  | expression_single . '/' expression_single
   43                  | expression_single . '<' expression_single
   44                  | expression_single . LE expression_single
   45                  | expression_single . '=' expression_single

    OF   shift, and go to state 85
    LE   shift, and go to state 72
    '<'  shift, and go to state 73
    '='  shift, and go to state 74
    '+'  shift, and go to state 75
    '-'  shift, and go to state 76
    '*'  shift, and go to state 77
    '/'  shift, and go to state 78
    '@'  shift, and go to state 79
    '.'  shift, and go to state 80


state 62

   36 expression_single: NEW TYPEID .

    $default  reduce using rule 36 (expression_single)


state 63

   27 expression_single: expression_single . '.' OBJECTID '(' expr_comma_list ')'
   28                  | expression_single . '@' TYPEID '.' OBJECTID '(' expr_comma_list ')'
   37                  | ISVOID expression_single .
   38                  | expression_single . '+' expression_single
   39                  | expression_single . '-' expression_single
   40                  | expression_single . '*' expression_single
   41                  | expression_single . '/' expression_single
   43                  | expression_single . '<' expression_single
   44                  | expression_single . LE expression_single
   45                  | expression_single . '=' expression_single

    '@'  shift, and go to state 79
    '.'  shift, and go to state 80

    $default  reduce using rule 37 (expression_single)


state 64

   26 expression_single: OBJECTID ASSIGN . expression_single

    error       shift, and go to state 40
    IF          shift, and go to state 41
    LET         shift, and go to state 42
    WHILE       shift, and go to state 43
    CASE        shift, and go to state 44
    NEW         shift, and go to state 45
    ISVOID      shift, and go to state 46
    STR_CONST   shift, and go to state 47
    INT_CONST   shift, and go to state 48
    BOOL_CONST  shift, and go to state 49
    OBJECTID    shift, and go to state 50
    NOT         shift, and go to state 51
    '~'         shift, and go to state 52
    '{'         shift, and go to state 53
    '('         shift, and go to state 54

    expression_single  go to state 86


state 65

   29 expression_single: OBJECTID '(' . expr_comma_list ')'

    error       shift, and go to state 40
    IF          shift, and go to state 41
    LET         shift, and go to state 42
    WHILE       shift, and go to state 43
    CASE        shift, and go to state 44
    NEW         shift, and go to state 45
    ISVOID      shift, and go to state 46
    STR_CONST   shift, and go to state 47
    INT_CONST   shift, and go to state 48
    BOOL_CONST  shift, and go to state 49
    OBJECTID    shift, and go to state 50
    NOT         shift, and go to state 51
    '~'         shift, and go to state 52
    '{'         shift, and go to state 53
    '('         shift, and go to state 54

    ')'  reduce using rule 23 (expr_comma_list)
    ','  reduce using rule 23 (expr_comma_list)

    expr_comma_list    go to state 87
    expression_single  go to state 88


state 66

   27 expression_single: expression_single . '.' OBJECTID '(' expr_comma_list ')'
   28                  | expression_single . '@' TYPEID '.' OBJECTID '(' expr_comma_list ')'
   38                  | expression_single . '+' expression_single
   39                  | expression_single . '-' expression_single
   40                  | expression_single . '*' expression_single
   41                  | expression_single . '/' expression_single
   43                  | expression_single . '<' expression_single
   44                  | expression_single . LE expression_single
   45                  | expression_single . '=' expression_single
   46                  | NOT expression_single .

    LE   shift, and go to state 72
    '<'  shift, and go to state 73
    '='  shift, and go to state 74
    '+'  shift, and go to state 75
    '-'  shift, and go to state 76
    '*'  shift, and go to state 77
    '/'  shift, and go to state 78
    '@'  shift, and go to state 79
    '.'  shift, and go to state 80

    $default  reduce using rule 46 (expression_single)


state 67

   27 expression_single: expression_single . '.' OBJECTID '(' expr_comma_list ')'
   28                  | expression_single . '@' TYPEID '.' OBJECTID '(' expr_comma_list ')'
   38                  | expression_single . '+' expression_single
   39                  | expression_single . '-' expression_single
   40                  | expression_single . '*' expression_single
   41                  | expression_single . '/' expression_single
   42                  | '~' expression_single .
   43                  | expression_single . '<' expression_single
   44                  | expression_single . LE expression_single
   45                  | expression_single . '=' expression_single

    '@'  shift, and go to state 79
    '.'  shift, and go to state 80

    $default  reduce using rule 42 (expression_single)


state 68

   22 expression_list: error .
   52 expression_single: error .

    ';'       reduce using rule 22 (expression_list)
    ';'       [reduce using rule 52 (expression_single)]
    $default  reduce using rule 52 (expression_single)


state 69

   21 expression_list: expression_list . ';' expression_single
   33 expression_single: '{' expression_list . ';' '}'

    ';'  shift, and go to state 89


state 70

   20 expression_list: expression_single .
   27 expression_single: expression_single . '.' OBJECTID '(' expr_comma_list ')'
   28                  | expression_single . '@' TYPEID '.' OBJECTID '(' expr_comma_list ')'
   38                  | expression_single . '+' expression_single
   39                  | expression_single . '-' expression_single
   40                  | expression_single . '*' expression_single
   41                  | expression_single . '/' expression_single
   43                  | expression_single . '<' expression_single
   44                  | expression_single . LE expression_single
   45                  | expression_single . '=' expression_single

    LE   shift, and go to state 72
    '<'  shift, and go to state 73
    '='  shift, and go to state 74
    '+'  shift, and go to state 75
    '-'  shift, and go to state 76
    '*'  shift, and go to state 77
    '/'  shift, and go to state 78
    '@'  shift, and go to state 79
    '.'  shift, and go to state 80

    $default  reduce using rule 20 (expression_list)


state 71

   27 expression_single: expression_single . '.' OBJECTID '(' expr_comma_list ')'
   28                  | expression_single . '@' TYPEID '.' OBJECTID '(' expr_comma_list ')'
   38                  | expression_single . '+' expression_single
   39                  | expression_single . '-' expression_single
   40                  | expression_single . '*' expression_single
   41                  | expression_single . '/' expression_single
   43                  | expression_single . '<' expression_single
   44                  | expression_single . LE expression_single
   45                  | expression_single . '=' expression_single
   47                  | '(' expression_single . ')'

    LE   shift, and go to state 72
    '<'  shift, and go to state 73
    '='  shift, and go to state 74
    '+'  shift, and go to state 75
    '-'  shift, and go to state 76
    '*'  shift, and go to state 77
    '/'  shift, and go to state 78
    '@'  shift, and go to state 79
    '.'  shift, and go to state 80
    ')'  shift, and go to state 90


state 72

   44 expression_single: expression_single LE . expression_single

    error       shift, and go to state 40
    IF          shift, and go to state 41
    LET         shift, and go to state 42
    WHILE       shift, and go to state 43
    CASE        shift, and go to state 44
    NEW         shift, and go to state 45
    ISVOID      shift, and go to state 46
    STR_CONST   shift, and go to state 47
    INT_CONST   shift, and go to state 48
    BOOL_CONST  shift, and go to state 49
    OBJECTID    shift, and go to state 50
    NOT         shift, and go to state 51
    '~'         shift, and go to state 52
    '{'         shift, and go to state 53
    '('         shift, and go to state 54

    expression_single  go to state 91


state 73

   43 expression_single: expression_single '<' . expression_single

    error       shift, and go to state 40
    IF          shift, and go to state 41
    LET         shift, and go to state 42
    WHILE       shift, and go to state 43
    CASE        shift, and go to state 44
    NEW         shift, and go to state 45
    ISVOID      shift, and go to state 46
    STR_CONST   shift, and go to state 47
    INT_CONST   shift, and go to state 48
    BOOL_CONST  shift, and go to state 49
    OBJECTID    shift, and go to state 50
    NOT         shift, and go to state 51
    '~'         shift, and go to state 52
    '{'         shift, and go to state 53
    '('         shift, and go to state 54

    expression_single  go to state 92


state 74

   45 expression_single: expression_single '=' . expression_single

    error       shift, and go to state 40
    IF          shift, and go to state 41
    LET         shift, and go to state 42
    WHILE       shift, and go to state 43
    CASE        shift, and go to state 44
    NEW         shift, and go to state 45
    ISVOID      shift, and go to state 46
    STR_CONST   shift, and go to state 47
    INT_CONST   shift, and go to state 48
    BOOL_CONST  shift, and go to state 49
    OBJECTID    shift, and go to state 50
    NOT         shift, and go to state 51
    '~'         shift, and go to state 52
    '{'         shift, and go to state 53
    '('         shift, and go to state 54

    expression_single  go to state 93


state 75

   38 expression_single: expression_single '+' . expression_single

    error       shift, and go to state 40
    IF          shift, and go to state 41
    LET         shift, and go to state 42
    WHILE       shift, and go to state 43
    CASE        shift, and go to state 44
    NEW         shift, and go to state 45
    ISVOID      shift, and go to state 46
    STR_CONST   shift, and go to state 47
    INT_CONST   shift, and go to state 48
    BOOL_CONST  shift, and go to state 49
    OBJECTID    shift, and go to state 50
    NOT         shift, and go to state 51
    '~'         shift, and go to state 52
    '{'         shift, and go to state 53
    '('         shift, and go to state 54

    expression_single  go to state 94


state 76

   39 expression_single: expression_single '-' . expression_single

    error       shift, and go to state 40
    IF          shift, and go to state 41
    LET         shift, and go to state 42
    WHILE       shift, and go to state 43
    CASE        shift, and go to state 44
    NEW         shift, and go to state 45
    ISVOID      shift, and go to state 46
    STR_CONST   shift, and go to state 47
    INT_CONST   shift, and go to state 48
    BOOL_CONST  shift, and go to state 49
    OBJECTID    shift, and go to state 50
    NOT         shift, and go to state 51
    '~'         shift, and go to state 52
    '{'         shift, and go to state 53
    '('         shift, and go to state 54

    expression_single  go to state 95


state 77

   40 expression_single: expression_single '*' . expression_single

    error       shift, and go to state 40
    IF          shift, and go to state 41
    LET         shift, and go to state 42
    WHILE       shift, and go to state 43
    CASE        shift, and go to state 44
    NEW         shift, and go to state 45
    ISVOID      shift, and go to state 46
    STR_CONST   shift, and go to state 47
    INT_CONST   shift, and go to state 48
    BOOL_CONST  shift, and go to state 49
    OBJECTID    shift, and go to state 50
    NOT         shift, and go to state 51
    '~'         shift, and go to state 52
    '{'         shift, and go to state 53
    '('         shift, and go to state 54

    expression_single  go to state 96


state 78

   41 expression_single: expression_single '/' . expression_single

    error       shift, and go to state 40
    IF          shift, and go to state 41
    LET         shift, and go to state 42
    WHILE       shift, and go to state 43
    CASE        shift, and go to state 44
    NEW         shift, and go to state 45
    ISVOID      shift, and go to state 46
    STR_CONST   shift, and go to state 47
    INT_CONST   shift, and go to state 48
    BOOL_CONST  shift, and go to state 49
    OBJECTID    shift, and go to state 50
    NOT         shift, and go to state 51
    '~'         shift, and go to state 52
    '{'         shift, and go to state 53
    '('         shift, and go to state 54

    expression_single  go to state 97


state 79

   28 expression_single: expression_single '@' . TYPEID '.' OBJECTID '(' expr_comma_list ')'

    TYPEID  shift, and go to state 98


state 80

   27 expression_single: expression_single '.' . OBJECTID '(' expr_comma_list ')'

    OBJECTID  shift, and go to state 99


state 81

   10 feature_single: OBJECTID '(' formal_list ')' ':' TYPEID '{' . expression_single '}'

    error       shift, and go to state 40
    IF          shift, and go to state 41
    LET         shift, and go to state 42
    WHILE       shift, and go to state 43
    CASE        shift, and go to state 44
    NEW         shift, and go to state 45
    ISVOID      shift, and go to state 46
    STR_CONST   shift, and go to state 47
    INT_CONST   shift, and go to state 48
    BOOL_CONST  shift, and go to state 49
    OBJECTID    shift, and go to state 50
    NOT         shift, and go to state 51
    '~'         shift, and go to state 52
    '{'         shift, and go to state 53
    '('         shift, and go to state 54

    expression_single  go to state 100


state 82

   30 expression_single: IF expression_single THEN . expression_single FI
   31                  | IF expression_single THEN . expression_single ELSE expression_single FI

    error       shift, and go to state 40
    IF          shift, and go to state 41
    LET         shift, and go to state 42
    WHILE       shift, and go to state 43
    CASE        shift, and go to state 44
    NEW         shift, and go to state 45
    ISVOID      shift, and go to state 46
    STR_CONST   shift, and go to state 47
    INT_CONST   shift, and go to state 48
    BOOL_CONST  shift, and go to state 49
    OBJECTID    shift, and go to state 50
    NOT         shift, and go to state 51
    '~'         shift, and go to state 52
    '{'         shift, and go to state 53
    '('         shift, and go to state 54

    expression_single  go to state 101


state 83

   53 let_list: OBJECTID ':' . TYPEID IN expression_single
   54         | OBJECTID ':' . TYPEID ASSIGN expression_single IN expression_single
   55         | OBJECTID ':' . TYPEID ',' let_list
   56         | OBJECTID ':' . TYPEID ASSIGN expression_single ',' let_list

    TYPEID  shift, and go to state 102


state 84

   32 expression_single: WHILE expression_single LOOP . expression_single POOL

    error       shift, and go to state 40
    IF          shift, and go to state 41
    LET         shift, and go to state 42
    WHILE       shift, and go to state 43
    CASE        shift, and go to state 44
    NEW         shift, and go to state 45
    ISVOID      shift, and go to state 46
    STR_CONST   shift, and go to state 47
    INT_CONST   shift, and go to state 48
    BOOL_CONST  shift, and go to state 49
    OBJECTID    shift, and go to state 50
    NOT         shift, and go to state 51
    '~'         shift, and go to state 52
    '{'         shift, and go to state 53
    '('         shift, and go to state 54

    expression_single  go to state 103


state 85

   35 expression_single: CASE expression_single OF . case_list ';' ESAC

    OBJECTID  shift, and go to state 104

    case_list    go to state 105
    case_single  go to state 106


state 86

   26 expression_single: OBJECTID ASSIGN expression_single .
   27                  | expression_single . '.' OBJECTID '(' expr_comma_list ')'
   28                  | expression_single . '@' TYPEID '.' OBJECTID '(' expr_comma_list ')'
   38                  | expression_single . '+' expression_single
   39                  | expression_single . '-' expression_single
   40                  | expression_single . '*' expression_single
   41                  | expression_single . '/' expression_single
   43                  | expression_single . '<' expression_single
   44                  | expression_single . LE expression_single
   45                  | expression_single . '=' expression_single

    LE   shift, and go to state 72
    '<'  shift, and go to state 73
    '='  shift, and go to state 74
    '+'  shift, and go to state 75
    '-'  shift, and go to state 76
    '*'  shift, and go to state 77
    '/'  shift, and go to state 78
    '@'  shift, and go to state 79
    '.'  shift, and go to state 80

    $default  reduce using rule 26 (expression_single)


state 87

   25 expr_comma_list: expr_comma_list . ',' expression_single
   29 expression_single: OBJECTID '(' expr_comma_list . ')'

    ')'  shift, and go to state 107
    ','  shift, and go to state 108


state 88

   24 expr_comma_list: expression_single .
   27 expression_single: expression_single . '.' OBJECTID '(' expr_comma_list ')'
   28                  | expression_single . '@' TYPEID '.' OBJECTID '(' expr_comma_list ')'
   38                  | expression_single . '+' expression_single
   39                  | expression_single . '-' expression_single
   40                  | expression_single . '*' expression_single
   41                  | expression_single . '/' expression_single
   43                  | expression_single . '<' expression_single
   44                  | expression_single . LE expression_single
   45                  | expression_single . '=' expression_single

    LE   shift, and go to state 72
    '<'  shift, and go to state 73
    '='  shift, and go to state 74
    '+'  shift, and go to state 75
    '-'  shift, and go to state 76
    '*'  shift, and go to state 77
    '/'  shift, and go to state 78
    '@'  shift, and go to state 79
    '.'  shift, and go to state 80

    $default  reduce using rule 24 (expr_comma_list)


state 89

   21 expression_list: expression_list ';' . expression_single
   33 expression_single: '{' expression_list ';' . '}'

    error       shift, and go to state 40
    IF          shift, and go to state 41
    LET         shift, and go to state 42
    WHILE       shift, and go to state 43
    CASE        shift, and go to state 44
    NEW         shift, and go to state 45
    ISVOID      shift, and go to state 46
    STR_CONST   shift, and go to state 47
    INT_CONST   shift, and go to state 48
    BOOL_CONST  shift, and go to state 49
    OBJECTID    shift, and go to state 50
    NOT         shift, and go to state 51
    '~'         shift, and go to state 52
    '{'         shift, and go to state 53
    '}'         shift, and go to state 109
    '('         shift, and go to state 54

    expression_single  go to state 110


state 90

   47 expression_single: '(' expression_single ')' .

    $default  reduce using rule 47 (expression_single)


state 91

   27 expression_single: expression_single . '.' OBJECTID '(' expr_comma_list ')'
   28                  | expression_single . '@' TYPEID '.' OBJECTID '(' expr_comma_list ')'
   38                  | expression_single . '+' expression_single
   39                  | expression_single . '-' expression_single
   40                  | expression_single . '*' expression_single
   41                  | expression_single . '/' expression_single
   43                  | expression_single . '<' expression_single
   44                  | expression_single . LE expression_single
   44                  | expression_single LE expression_single .
   45                  | expression_single . '=' expression_single

    '+'  shift, and go to state 75
    '-'  shift, and go to state 76
    '*'  shift, and go to state 77
    '/'  shift, and go to state 78
    '@'  shift, and go to state 79
    '.'  shift, and go to state 80

    LE   error (nonassociative)
    '<'  error (nonassociative)
    '='  error (nonassociative)

    $default  reduce using rule 44 (expression_single)


state 92

   27 expression_single: expression_single . '.' OBJECTID '(' expr_comma_list ')'
   28                  | expression_single . '@' TYPEID '.' OBJECTID '(' expr_comma_list ')'
   38                  | expression_single . '+' expression_single
   39                  | expression_single . '-' expression_single
   40                  | expression_single . '*' expression_single
   41                  | expression_single . '/' expression_single
   43                  | expression_single . '<' expression_single
   43                  | expression_single '<' expression_single .
   44                  | expression_single . LE expression_single
   45                  | expression_single . '=' expression_single

    '+'  shift, and go to state 75
    '-'  shift, and go to state 76
    '*'  shift, and go to state 77
    '/'  shift, and go to state 78
    '@'  shift, and go to state 79
    '.'  shift, and go to state 80

    LE   error (nonassociative)
    '<'  error (nonassociative)
    '='  error (nonassociative)

    $default  reduce using rule 43 (expression_single)


state 93

   27 expression_single: expression_single . '.' OBJECTID '(' expr_comma_list ')'
   28                  | expression_single . '@' TYPEID '.' OBJECTID '(' expr_comma_list ')'
   38                  | expression_single . '+' expression_single
   39                  | expression_single . '-' expression_single
   40                  | expression_single . '*' expression_single
   41                  | expression_single . '/' expression_single
   43                  | expression_single . '<' expression_single
   44                  | expression_single . LE expression_single
   45                  | expression_single . '=' expression_single
   45                  | expression_single '=' expression_single .

    '+'  shift, and go to state 75
    '-'  shift, and go to state 76
    '*'  shift, and go to state 77
    '/'  shift, and go to state 78
    '@'  shift, and go to state 79
    '.'  shift, and go to state 80

    LE   error (nonassociative)
    '<'  error (nonassociative)
    '='  error (nonassociative)

    $default  reduce using rule 45 (expression_single)


state 94

   27 expression_single: expression_single . '.' OBJECTID '(' expr_comma_list ')'
   28                  | expression_single . '@' TYPEID '.' OBJECTID '(' expr_comma_list ')'
   38                  | expression_single . '+' expression_single
   38                  | expression_single '+' expression_single .
   39                  | expression_single . '-' expression_single
   40                  | expression_single . '*' expression_single
   41                  | expression_single . '/' expression_single
   43                  | expression_single . '<' expression_single
   44                  | expression_single . LE expression_single
   45                  | expression_single . '=' expression_single

    '*'  shift, and go to state 77
    '/'  shift, and go to state 78
    '@'  shift, and go to state 79
    '.'  shift, and go to state 80

    $default  reduce using rule 38 (expression_single)


state 95

   27 expression_single: expression_single . '.' OBJECTID '(' expr_comma_list ')'
   28                  | expression_single . '@' TYPEID '.' OBJECTID '(' expr_comma_list ')'
   38                  | expression_single . '+' expression_single
   39                  | expression_single . '-' expression_single
   39                  | expression_single '-' expression_single .
   40                  | expression_single . '*' expression_single
   41                  | expression_single . '/' expression_single
   43                  | expression_single . '<' expression_single
   44                  | expression_single . LE expression_single
   45                  | expression_single . '=' expression_single

    '*'  shift, and go to state 77
    '/'  shift, and go to state 78
    '@'  shift, and go to state 79
    '.'  shift, and go to state 80

    $default  reduce using rule 39 (expression_single)


state 96

   27 expression_single: expression_single . '.' OBJECTID '(' expr_comma_list ')'
   28                  | expression_single . '@' TYPEID '.' OBJECTID '(' expr_comma_list ')'
   38                  | expression_single . '+' expression_single
   39                  | expression_single . '-' expression_single
   40                  | expression_single . '*' expression_single
   40                  | expression_single '*' expression_single .
   41                  | expression_single . '/' expression_single
   43                  | expression_single . '<' expression_single
   44                  | expression_single . LE expression_single
   45                  | expression_single . '=' expression_single

    '@'  shift, and go to state 79
    '.'  shift, and go to state 80

    $default  reduce using rule 40 (expression_single)


state 97

   27 expression_single: expression_single . '.' OBJECTID '(' expr_comma_list ')'
   28                  | expression_single . '@' TYPEID '.' OBJECTID '(' expr_comma_list ')'
   38                  | expression_single . '+' expression_single
   39                  | expression_single . '-' expression_single
   40                  | expression_single . '*' expression_single
   41                  | expression_single . '/' expression_single
   41                  | expression_single '/' expression_single .
   43                  | expression_single . '<' expression_single
   44                  | expression_single . LE expression_single
   45                  | expression_single . '=' expression_single

    '@'  shift, and go to state 79
    '.'  shift, and go to state 80

    $default  reduce using rule 41 (expression_single)


state 98

   28 expression_single: expression_single '@' TYPEID . '.' OBJECTID '(' expr_comma_list ')'

    '.'  shift, and go to state 111


state 99

   27 expression_single: expression_single '.' OBJECTID . '(' expr_comma_list ')'

    '('  shift, and go to state 112


state 100

   10 feature_single: OBJECTID '(' formal_list ')' ':' TYPEID '{' expression_single . '}'
   27 expression_single: expression_single . '.' OBJECTID '(' expr_comma_list ')'
   28                  | expression_single . '@' TYPEID '.' OBJECTID '(' expr_comma_list ')'
   38                  | expression_single . '+' expression_single
   39                  | expression_single . '-' expression_single
   40                  | expression_single . '*' expression_single
   41                  | expression_single . '/' expression_single
   43                  | expression_single . '<' expression_single
   44                  | expression_single . LE expression_single
   45                  | expression_single . '=' expression_single

    LE   shift, and go to state 72
    '<'  shift, and go to state 73
    '='  shift, and go to state 74
    '+'  shift, and go to state 75
    '-'  shift, and go to state 76
    '*'  shift, and go to state 77
    '/'  shift, and go to state 78
    '@'  shift, and go to state 79
    '.'  shift, and go to state 80
    '}'  shift, and go to state 113


state 101

   27 expression_single: expression_single . '.' OBJECTID '(' expr_comma_list ')'
   28                  | expression_single . '@' TYPEID '.' OBJECTID '(' expr_comma_list ')'
   30                  | IF expression_single THEN expression_single . FI
   31                  | IF expression_single THEN expression_single . ELSE expression_single FI
   38                  | expression_single . '+' expression_single
   39                  | expression_single . '-' expression_single
   40                  | expression_single . '*' expression_single
   41                  | expression_single . '/' expression_single
   43                  | expression_single . '<' expression_single
   44                  | expression_single . LE expression_single
   45                  | expression_single . '=' expression_single

    ELSE  shift, and go to state 114
    FI    shift, and go to state 115
    LE    shift, and go to state 72
    '<'   shift, and go to state 73
    '='   shift, and go to state 74
    '+'   shift, and go to state 75
    '-'   shift, and go to state 76
    '*'   shift, and go to state 77
    '/'   shift, and go to state 78
    '@'   shift, and go to state 79
    '.'   shift, and go to state 80


state 102

   53 let_list: OBJECTID ':' TYPEID . IN expression_single
   54         | OBJECTID ':' TYPEID . ASSIGN expression_single IN expression_single
   55         | OBJECTID ':' TYPEID . ',' let_list
   56         | OBJECTID ':' TYPEID . ASSIGN expression_single ',' let_list

    IN      shift, and go to state 116
    ASSIGN  shift, and go to state 117
    ','     shift, and go to state 118


state 103

   27 expression_single: expression_single . '.' OBJECTID '(' expr_comma_list ')'
   28                  | expression_single . '@' TYPEID '.' OBJECTID '(' expr_comma_list ')'
   32                  | WHILE expression_single LOOP expression_single . POOL
   38                  | expression_single . '+' expression_single
   39                  | expression_single . '-' expression_single
   40                  | expression_single . '*' expression_single
   41                  | expression_single . '/' expression_single
   43                  | expression_single . '<' expression_single
   44                  | expression_single . LE expression_single
   45                  | expression_single . '=' expression_single

    POOL  shift, and go to state 119
    LE    shift, and go to state 72
    '<'   shift, and go to state 73
    '='   shift, and go to state 74
    '+'   shift, and go to state 75
    '-'   shift, and go to state 76
    '*'   shift, and go to state 77
    '/'   shift, and go to state 78
    '@'   shift, and go to state 79
    '.'   shift, and go to state 80


state 104

   59 case_single: OBJECTID . ':' TYPEID DARROW expression_single

    ':'  shift, and go to state 120


state 105

   35 expression_single: CASE expression_single OF case_list . ';' ESAC
   58 case_list: case_list . ';' case_single

    ';'  shift, and go to state 121


state 106

   57 case_list: case_single .

    $default  reduce using rule 57 (case_list)


state 107

   29 expression_single: OBJECTID '(' expr_comma_list ')' .

    $default  reduce using rule 29 (expression_single)


state 108

   25 expr_comma_list: expr_comma_list ',' . expression_single

    error       shift, and go to state 40
    IF          shift, and go to state 41
    LET         shift, and go to state 42
    WHILE       shift, and go to state 43
    CASE        shift, and go to state 44
    NEW         shift, and go to state 45
    ISVOID      shift, and go to state 46
    STR_CONST   shift, and go to state 47
    INT_CONST   shift, and go to state 48
    BOOL_CONST  shift, and go to state 49
    OBJECTID    shift, and go to state 50
    NOT         shift, and go to state 51
    '~'         shift, and go to state 52
    '{'         shift, and go to state 53
    '('         shift, and go to state 54

    expression_single  go to state 122


state 109

   33 expression_single: '{' expression_list ';' '}' .

    $default  reduce using rule 33 (expression_single)


state 110

   21 expression_list: expression_list ';' expression_single .
   27 expression_single: expression_single . '.' OBJECTID '(' expr_comma_list ')'
   28                  | expression_single . '@' TYPEID '.' OBJECTID '(' expr_comma_list ')'
   38                  | expression_single . '+' expression_single
   39                  | expression_single . '-' expression_single
   40                  | expression_single . '*' expression_single
   41                  | expression_single . '/' expression_single
   43                  | expression_single . '<' expression_single
   44                  | expression_single . LE expression_single
   45                  | expression_single . '=' expression_single

    LE   shift, and go to state 72
    '<'  shift, and go to state 73
    '='  shift, and go to state 74
    '+'  shift, and go to state 75
    '-'  shift, and go to state 76
    '*'  shift, and go to state 77
    '/'  shift, and go to state 78
    '@'  shift, and go to state 79
    '.'  shift, and go to state 80

    $default  reduce using rule 21 (expression_list)


state 111

   28 expression_single: expression_single '@' TYPEID '.' . OBJECTID '(' expr_comma_list ')'

    OBJECTID  shift, and go to state 123


state 112

   27 expression_single: expression_single '.' OBJECTID '(' . expr_comma_list ')'

    error       shift, and go to state 40
    IF          shift, and go to state 41
    LET         shift, and go to state 42
    WHILE       shift, and go to state 43
    CASE        shift, and go to state 44
    NEW         shift, and go to state 45
    ISVOID      shift, and go to state 46
    STR_CONST   shift, and go to state 47
    INT_CONST   shift, and go to state 48
    BOOL_CONST  shift, and go to state 49
    OBJECTID    shift, and go to state 50
    NOT         shift, and go to state 51
    '~'         shift, and go to state 52
    '{'         shift, and go to state 53
    '('         shift, and go to state 54

    ')'  reduce using rule 23 (expr_comma_list)
    ','  reduce using rule 23 (expr_comma_list)

    expr_comma_list    go to state 124
    expression_single  go to state 88


state 113

   10 feature_single: OBJECTID '(' formal_list ')' ':' TYPEID '{' expression_single '}' .

    $default  reduce using rule 10 (feature_single)


state 114

   31 expression_single: IF expression_single THEN expression_single ELSE . expression_single FI

    error       shift, and go to state 40
    IF          shift, and go to state 41
    LET         shift, and go to state 42
    WHILE       shift, and go to state 43
    CASE        shift, and go to state 44
    NEW         shift, and go to state 45
    ISVOID      shift, and go to state 46
    STR_CONST   shift, and go to state 47
    INT_CONST   shift, and go to state 48
    BOOL_CONST  shift, and go to state 49
    OBJECTID    shift, and go to state 50
    NOT         shift, and go to state 51
    '~'         shift, and go to state 52
    '{'         shift, and go to state 53
    '('         shift, and go to state 54

    expression_single  go to state 125


state 115

   30 expression_single: IF expression_single THEN expression_single FI .

    $default  reduce using rule 30 (expression_single)


state 116

   53 let_list: OBJECTID ':' TYPEID IN . expression_single

    error       shift, and go to state 40
    IF          shift, and go to state 41
    LET         shift, and go to state 42
    WHILE       shift, and go to state 43
    CASE        shift, and go to state 44
    NEW         shift, and go to state 45
    ISVOID      shift, and go to state 46
    STR_CONST   shift, and go to state 47
    INT_CONST   shift, and go to state 48
    BOOL_CONST  shift, and go to state 49
    OBJECTID    shift, and go to state 50
    NOT         shift, and go to state 51
    '~'         shift, and go to state 52
    '{'         shift, and go to state 53
    '('         shift, and go to state 54

    expression_single  go to state 126


state 117

   54 let_list: OBJECTID ':' TYPEID ASSIGN . expression_single IN expression_single
   56         | OBJECTID ':' TYPEID ASSIGN . expression_single ',' let_list

    error       shift, and go to state 40
    IF          shift, and go to state 41
    LET         shift, and go to state 42
    WHILE       shift, and go to state 43
    CASE        shift, and go to state 44
    NEW         shift, and go to state 45
    ISVOID      shift, and go to state 46
    STR_CONST   shift, and go to state 47
    INT_CONST   shift, and go to state 48
    BOOL_CONST  shift, and go to state 49
    OBJECTID    shift, and go to state 50
    NOT         shift, and go to state 51
    '~'         shift, and go to state 52
    '{'         shift, and go to state 53
    '('         shift, and go to state 54

    expression_single  go to state 127


state 118

   55 let_list: OBJECTID ':' TYPEID ',' . let_list

    OBJECTID  shift, and go to state 58

    let_list  go to state 128


state 119

   32 expression_single: WHILE expression_single LOOP expression_single POOL .

    $default  reduce using rule 32 (expression_single)


state 120

   59 case_single: OBJECTID ':' . TYPEID DARROW expression_single

    TYPEID  shift, and go to state 129


state 121

   35 expression_single: CASE expression_single OF case_list ';' . ESAC
   58 case_list: case_list ';' . case_single

    ESAC      shift, and go to state 130
    OBJECTID  shift, and go to state 104

    case_single  go to state 131


state 122

   25 expr_comma_list: expr_comma_list ',' expression_single .
   27 expression_single: expression_single . '.' OBJECTID '(' expr_comma_list ')'
   28                  | expression_single . '@' TYPEID '.' OBJECTID '(' expr_comma_list ')'
   38                  | expression_single . '+' expression_single
   39                  | expression_single . '-' expression_single
   40                  | expression_single . '*' expression_single
   41                  | expression_single . '/' expression_single
   43                  | expression_single . '<' expression_single
   44                  | expression_single . LE expression_single
   45                  | expression_single . '=' expression_single

    LE   shift, and go to state 72
    '<'  shift, and go to state 73
    '='  shift, and go to state 74
    '+'  shift, and go to state 75
    '-'  shift, and go to state 76
    '*'  shift, and go to state 77
    '/'  shift, and go to state 78
    '@'  shift, and go to state 79
    '.'  shift, and go to state 80

    $default  reduce using rule 25 (expr_comma_list)


state 123

   28 expression_single: expression_single '@' TYPEID '.' OBJECTID . '(' expr_comma_list ')'

    '('  shift, and go to state 132


state 124

   25 expr_comma_list: expr_comma_list . ',' expression_single
   27 expression_single: expression_single '.' OBJECTID '(' expr_comma_list . ')'

    ')'  shift, and go to state 133
    ','  shift, and go to state 108


state 125

   27 expression_single: expression_single . '.' OBJECTID '(' expr_comma_list ')'
   28                  | expression_single . '@' TYPEID '.' OBJECTID '(' expr_comma_list ')'
   31                  | IF expression_single THEN expression_single ELSE expression_single . FI
   38                  | expression_single . '+' expression_single
   39                  | expression_single . '-' expression_single
   40                  | expression_single . '*' expression_single
   41                  | expression_single . '/' expression_single
   43                  | expression_single . '<' expression_single
   44                  | expression_single . LE expression_single
   45                  | expression_single . '=' expression_single

    FI   shift, and go to state 134
    LE   shift, and go to state 72
    '<'  shift, and go to state 73
    '='  shift, and go to state 74
    '+'  shift, and go to state 75
    '-'  shift, and go to state 76
    '*'  shift, and go to state 77
    '/'  shift, and go to state 78
    '@'  shift, and go to state 79
    '.'  shift, and go to state 80


state 126

   27 expression_single: expression_single . '.' OBJECTID '(' expr_comma_list ')'
   28                  | expression_single . '@' TYPEID '.' OBJECTID '(' expr_comma_list ')'
   38                  | expression_single . '+' expression_single
   39                  | expression_single . '-' expression_single
   40                  | expression_single . '*' expression_single
   41                  | expression_single . '/' expression_single
   43                  | expression_single . '<' expression_single
   44                  | expression_single . LE expression_single
   45                  | expression_single . '=' expression_single
   53 let_list: OBJECTID ':' TYPEID IN expression_single .

    LE   shift, and go to state 72
    '<'  shift, and go to state 73
    '='  shift, and go to state 74
    '+'  shift, and go to state 75
    '-'  shift, and go to state 76
    '*'  shift, and go to state 77
    '/'  shift, and go to state 78
    '@'  shift, and go to state 79
    '.'  shift, and go to state 80

    $default  reduce using rule 53 (let_list)


state 127

   27 expression_single: expression_single . '.' OBJECTID '(' expr_comma_list ')'
   28                  | expression_single . '@' TYPEID '.' OBJECTID '(' expr_comma_list ')'
   38                  | expression_single . '+' expression_single
   39                  | expression_single . '-' expression_single
   40                  | expression_single . '*' expression_single
   41                  | expression_single . '/' expression_single
   43                  | expression_single . '<' expression_single
   44                  | expression_single . LE expression_single
   45                  | expression_single . '=' expression_single
   54 let_list: OBJECTID ':' TYPEID ASSIGN expression_single . IN expression_single
   56         | OBJECTID ':' TYPEID ASSIGN expression_single . ',' let_list

    IN   shift, and go to state 135
    LE   shift, and go to state 72
    '<'  shift, and go to state 73
    '='  shift, and go to state 74
    '+'  shift, and go to state 75
    '-'  shift, and go to state 76
    '*'  shift, and go to state 77
    '/'  shift, and go to state 78
    '@'  shift, and go to state 79
    '.'  shift, and go to state 80
    ','  shift, and go to state 136


state 128

   55 let_list: OBJECTID ':' TYPEID ',' let_list .

    $default  reduce using rule 55 (let_list)


state 129

   59 case_single: OBJECTID ':' TYPEID . DARROW expression_single

    DARROW  shift, and go to state 137


state 130

   35 expression_single: CASE expression_single OF case_list ';' ESAC .

    $default  reduce using rule 35 (expression_single)


state 131

   58 case_list: case_list ';' case_single .

    $default  reduce using rule 58 (case_list)


state 132

   28 expression_single: expression_single '@' TYPEID '.' OBJECTID '(' . expr_comma_list ')'

    error       shift, and go to state 40
    IF          shift, and go to state 41
    LET         shift, and go to state 42
    WHILE       shift, and go to state 43
    CASE        shift, and go to state 44
    NEW         shift, and go to state 45
    ISVOID      shift, and go to state 46
    STR_CONST   shift, and go to state 47
    INT_CONST   shift, and go to state 48
    BOOL_CONST  shift, and go to state 49
    OBJECTID    shift, and go to state 50
    NOT         shift, and go to state 51
    '~'         shift, and go to state 52
    '{'         shift, and go to state 53
    '('         shift, and go to state 54

    ')'  reduce using rule 23 (expr_comma_list)
    ','  reduce using rule 23 (expr_comma_list)

    expr_comma_list    go to state 138
    expression_single  go to state 88


state 133

   27 expression_single: expression_single '.' OBJECTID '(' expr_comma_list ')' .

    $default  reduce using rule 27 (expression_single)


state 134

   31 expression_single: IF expression_single THEN expression_single ELSE expression_single FI .

    $default  reduce using rule 31 (expression_single)


state 135

   54 let_list: OBJECTID ':' TYPEID ASSIGN expression_single IN . expression_single

    error       shift, and go to state 40
    IF          shift, and go to state 41
    LET         shift, and go to state 42
    WHILE       shift, and go to state 43
    CASE        shift, and go to state 44
    NEW         shift, and go to state 45
    ISVOID      shift, and go to state 46
    STR_CONST   shift, and go to state 47
    INT_CONST   shift, and go to state 48
    BOOL_CONST  shift, and go to state 49
    OBJECTID    shift, and go to state 50
    NOT         shift, and go to state 51
    '~'         shift, and go to state 52
    '{'         shift, and go to state 53
    '('         shift, and go to state 54

    expression_single  go to state 139


state 136

   56 let_list: OBJECTID ':' TYPEID ASSIGN expression_single ',' . let_list

    OBJECTID  shift, and go to state 58

    let_list  go to state 140


state 137

   59 case_single: OBJECTID ':' TYPEID DARROW . expression_single

    error       shift, and go to state 40
    IF          shift, and go to state 41
    LET         shift, and go to state 42
    WHILE       shift, and go to state 43
    CASE        shift, and go to state 44
    NEW         shift, and go to state 45
    ISVOID      shift, and go to state 46
    STR_CONST   shift, and go to state 47
    INT_CONST   shift, and go to state 48
    BOOL_CONST  shift, and go to state 49
    OBJECTID    shift, and go to state 50
    NOT         shift, and go to state 51
    '~'         shift, and go to state 52
    '{'         shift, and go to state 53
    '('         shift, and go to state 54

    expression_single  go to state 141


state 138

   25 expr_comma_list: expr_comma_list . ',' expression_single
   28 expression_single: expression_single '@' TYPEID '.' OBJECTID '(' expr_comma_list . ')'

    ')'  shift, and go to state 142
    ','  shift, and go to state 108


state 139

   27 expression_single: expression_single . '.' OBJECTID '(' expr_comma_list ')'
   28                  | expression_single . '@' TYPEID '.' OBJECTID '(' expr_comma_list ')'
   38                  | expression_single . '+' expression_single
   39                  | expression_single . '-' expression_single
   40                  | expression_single . '*' expression_single
   41                  | expression_single . '/' expression_single
   43                  | expression_single . '<' expression_single
   44                  | expression_single . LE expression_single
   45                  | expression_single . '=' expression_single
   54 let_list: OBJECTID ':' TYPEID ASSIGN expression_single IN expression_single .

    LE   shift, and go to state 72
    '<'  shift, and go to state 73
    '='  shift, and go to state 74
    '+'  shift, and go to state 75
    '-'  shift, and go to state 76
    '*'  shift, and go to state 77
    '/'  shift, and go to state 78
    '@'  shift, and go to state 79
    '.'  shift, and go to state 80

    $default  reduce using rule 54 (let_list)


state 140

   56 let_list: OBJECTID ':' TYPEID ASSIGN expression_single ',' let_list .

    $default  reduce using rule 56 (let_list)


state 141

   27 expression_single: expression_single . '.' OBJECTID '(' expr_comma_list ')'
   28                  | expression_single . '@' TYPEID '.' OBJECTID '(' expr_comma_list ')'
   38                  | expression_single . '+' expression_single
   39                  | expression_single . '-' expression_single
   40                  | expression_single . '*' expression_single
   41                  | expression_single . '/' expression_single
   43                  | expression_single . '<' expression_single
   44                  | expression_single . LE expression_single
   45                  | expression_single . '=' expression_single
   59 case_single: OBJECTID ':' TYPEID DARROW expression_single .

    LE   shift, and go to state 72
    '<'  shift, and go to state 73
    '='  shift, and go to state 74
    '+'  shift, and go to state 75
    '-'  shift, and go to state 76
    '*'  shift, and go to state 77
    '/'  shift, and go to state 78
    '@'  shift, and go to state 79
    '.'  shift, and go to state 80

    $default  reduce using rule 59 (case_single)


state 142

   28 expression_single: expression_single '@' TYPEID '.' OBJECTID '(' expr_comma_list ')' .

    $default  reduce using rule 28 (expression_single)
